Arguments: 
  C:\Program Files\nodejs\node.exe C:\Users\Acer\AppData\Roaming\npm\node_modules\yarn\bin\yarn.js install

PATH: 
  C:\Program Files\PowerShell\7;C:\Python311\Scripts\;C:\Python311\;C:\Program Files\Common Files\Oracle\Java\javapath;C:\Program Files\Zulu\zulu-17\bin\;C:\Program Files\AdoptOpenJDK\jre-11.0.7.10-hotspot\bin;C:\Program Files (x86)\Common Files\Intel\Shared Libraries\redist\intel64\compiler;C:\ProgramData\Oracle\Java\javapath;C:\Windows\system32;C:\Windows;C:\Windows\System32\Wbem;C:\Windows\System32\WindowsPowerShell\v1.0\;C:\Program Files\Gradle\gradle-7.6.1\bin;C:\Windows\System32\OpenSSH\;C:\Program Files (x86)\NVIDIA Corporation\PhysX\Common;C:\Program Files\NVIDIA Corporation\NVIDIA NvDLISR;C:\WINDOWS\system32;C:\WINDOWS;C:\WINDOWS\System32\Wbem;C:\WINDOWS\System32\WindowsPowerShell\v1.0\;C:\WINDOWS\System32\OpenSSH\;C:\Program Files\dotnet\;E:\matlab\runtime\win64;E:\matlab\bin;E:\matlab\polyspace\bin;C:\Program Files\Microsoft SQL Server\130\Tools\Binn\;C:\Program Files\Microsoft SQL Server\Client SDK\ODBC\170\Tools\Binn\;C:\Users\Acer\AppData\Local\Microsoft\WindowsApps;C:\Users\Acer\AppData\Local\Programs\Microsoft VS Code\bin;C:\Users\Acer\.dotnet\tools;C:\adb;C:\Users\Acer\AppData\Roaming\Microsoft\Windows\Start Menu\Programs\Netwide Assembler 2.15.05;C:\nasm-2.15.05-win64\nasm-2.15.05;C:\Program Files (x86)\dotnet\;C:\Program Files (x86)\QuickTime Alternative\QTSystem;C:\Program Files\PuTTY\;C:\WINDOWS\system32;C:\WINDOWS;C:\WINDOWS\System32\Wbem;C:\WINDOWS\System32\WindowsPowerShell\v1.0\;C:\WINDOWS\System32\OpenSSH\;C:\Program Files\Java\jdk-20\bin;C:\Program Files\Git\cmd;C:\Program Files\nodejs\;C:\ProgramData\chocolatey\bin;C:\Program Files\PowerShell\7\;C:\Users\Acer\AppData\Local\Packages\PythonSoftwareFoundation.Python.3.9_qbz5n2kfra8p0\LocalCache\local-packages\Python39\Scripts;C:\Users\Acer\AppData\Local\Microsoft\WindowsApps;C:\Users\Acer\.dotnet\tools;E:\PyCharm Community Edition 2022.1.1\bin;;c:\users\acer\appdata\local\packages\pythonsoftwarefoundation.python.3.9_qbz5n2kfra8p0\localcache\local-packages\python39\site-packages;C:\Users\Acer\AppData\Local\Programs\Microsoft VS Code\bin;C:\flutter\bin;C:\Users\Acer\AppData\Local\GitHubDesktop\bin;C:\Program Files\JetBrains\IntelliJ IDEA Community Edition 2022.3.2\bin;;C:\Users\Acer\AppData\Roaming\npm

Yarn version: 
  1.22.19

Node version: 
  18.17.1

Platform: 
  win32 x64

Trace: 
  Error: EPERM: operation not permitted, unlink 'E:\react-admin-dashboard\node_modules\@esbuild\win32-x64\esbuild.exe'

npm manifest: 
  {
    "name": "katalog-data-app",
    "private": true,
    "version": "0.0.0",
    "type": "module",
    "scripts": {
      "dev": "vite",
      "build": "vite build",
      "preview": "vite preview"
    },
    "dependencies": {
      "@emotion/react": "^11.11.1",
      "@emotion/styled": "^11.11.0",
      "@fontsource/roboto": "^4.5.8",
      "@mui/icons-material": "^5.14.9",
      "@mui/joy": "^5.0.0-beta.7",
      "@mui/material": "^5.14.9",
      "@mui/x-charts": "^6.0.0-alpha.12",
      "@mui/x-data-grid": "^5.17.23",
      "axios": "^1.5.0",
      "chart.js": "^4.2.1",
      "jspdf": "^2.5.1",
      "jspdf-autotable": "^3.6.0",
      "material-react-table": "^1.14.0",
      "react-chartjs-2": "^5.2.0",
      "react": "^17.0.0",
      "react-dom": "^17.0.0",
      "react-elastic-carousel": "^0.11.5",
      "react-helmet-async": "^1.3.0",
      "react-pro-sidebar": "^1.0.0",
      "react-router-dom": "^6.8.1",
      "react-slick": "^0.29.0",
      "recharts": "^2.8.0",
      "slick-carousel": "^1.8.1",
      "styled-components": "^6.0.8",
      "xlsx": "^0.18.5"
    },
    "devDependencies": {
      "@faker-js/faker": "^8.0.2",
      "@types/react": "^18.0.27",
      "@types/react-dom": "^18.0.10",
      "@vitejs/plugin-react": "^3.1.0",
      "vite": "^4.1.0"
    }
  }

yarn manifest: 
  No manifest

Lockfile: 
  No lockfile
